This file contains any messages produced by compilers while
running configure, to aid debugging if configure makes a mistake.

It was created by configure, which was
generated by GNU Autoconf 2.59.  Invocation command line was

  $ ./configure 

## --------- ##
## Platform. ##
## --------- ##

hostname = Yuuko
uname -m = i686
uname -r = 3.10.17-smp
uname -s = Linux
uname -v = #2 SMP Wed Oct 23 17:13:14 CDT 2013

/usr/bin/uname -p = Intel(R) Pentium(R) 4 CPU 1.60GHz
/bin/uname -X     = unknown

/bin/arch              = i686
/usr/bin/arch -k       = unknown
/usr/convex/getsysinfo = unknown
hostinfo               = unknown
/bin/machine           = unknown
/usr/bin/oslevel       = unknown
/bin/universe          = unknown

PATH: /usr/local/bin
PATH: /usr/bin
PATH: /bin
PATH: /usr/games
PATH: /usr/lib/qt/bin


## ----------- ##
## Core tests. ##
## ----------- ##

configure:1340: checking for a BSD-compatible install
configure:1395: result: /usr/bin/ginstall -c
configure:1406: checking whether build environment is sane
configure:1449: result: yes
configure:1464: checking whether make sets $(MAKE)
configure:1484: result: yes
configure:1516: checking for working aclocal-1.4
configure:1527: result: missing
configure:1531: checking for working autoconf
configure:1538: result: found
configure:1546: checking for working automake-1.4
configure:1557: result: missing
configure:1561: checking for working autoheader
configure:1568: result: found
configure:1576: checking for working makeinfo
configure:1583: result: found
configure:1605: checking for a BSD-compatible install
configure:1660: result: /usr/bin/ginstall -c
configure:1717: checking for gcc
configure:1733: found /usr/bin/gcc
configure:1743: result: gcc
configure:1987: checking for C compiler version
configure:1990: gcc --version </dev/null >&5
gcc (GCC) 4.8.2
Copyright (C) 2013 Free Software Foundation, Inc.
This is free software; see the source for copying conditions.  There is NO
warranty; not even for MERCHANTABILITY or FITNESS FOR A PARTICULAR PURPOSE.

configure:1993: $? = 0
configure:1995: gcc -v </dev/null >&5
Reading specs from /usr/lib/gcc/i486-slackware-linux/4.8.2/specs
COLLECT_GCC=gcc
COLLECT_LTO_WRAPPER=/usr/libexec/gcc/i486-slackware-linux/4.8.2/lto-wrapper
Target: i486-slackware-linux
Configured with: ../gcc-4.8.2/configure --prefix=/usr --libdir=/usr/lib --mandir=/usr/man --infodir=/usr/info --enable-shared --enable-bootstrap --enable-languages=ada,c,c++,fortran,go,java,lto,objc --enable-threads=posix --enable-checking=release --enable-objc-gc --with-system-zlib --with-python-dir=/lib/python2.7/site-packages --disable-libunwind-exceptions --enable-__cxa_atexit --enable-libssp --enable-lto --with-gnu-ld --verbose --enable-java-home --with-java-home=/usr/lib/jvm/jre --with-jvm-root-dir=/usr/lib/jvm --with-jvm-jar-dir=/usr/lib/jvm/jvm-exports --with-arch-directory=i386 --with-antlr-jar=/root/slackware-current/source/d/gcc/antlr-runtime-3.4.jar --enable-java-awt=gtk --disable-gtktest --with-arch=i486 --target=i486-slackware-linux --build=i486-slackware-linux --host=i486-slackware-linux
Thread model: posix
gcc version 4.8.2 (GCC) 
configure:1998: $? = 0
configure:2000: gcc -V </dev/null >&5
gcc: error: unrecognized command line option '-V'
gcc: fatal error: no input files
compilation terminated.
configure:2003: $? = 1
configure:2026: checking for C compiler default output file name
configure:2029: gcc    conftest.c  >&5
configure:2032: $? = 0
configure:2078: result: a.out
configure:2083: checking whether the C compiler works
configure:2089: ./a.out
configure:2092: $? = 0
configure:2109: result: yes
configure:2116: checking whether we are cross compiling
configure:2118: result: no
configure:2121: checking for suffix of executables
configure:2123: gcc -o conftest    conftest.c  >&5
configure:2126: $? = 0
configure:2151: result: 
configure:2157: checking for suffix of object files
configure:2178: gcc -c   conftest.c >&5
configure:2181: $? = 0
configure:2203: result: o
configure:2207: checking whether we are using the GNU C compiler
configure:2231: gcc -c   conftest.c >&5
configure:2237: $? = 0
configure:2240: test -z 			 || test ! -s conftest.err
configure:2243: $? = 0
configure:2246: test -s conftest.o
configure:2249: $? = 0
configure:2262: result: yes
configure:2268: checking whether gcc accepts -g
configure:2289: gcc -c -g  conftest.c >&5
configure:2295: $? = 0
configure:2298: test -z 			 || test ! -s conftest.err
configure:2301: $? = 0
configure:2304: test -s conftest.o
configure:2307: $? = 0
configure:2318: result: yes
configure:2335: checking for gcc option to accept ANSI C
configure:2405: gcc  -c -g -O2  conftest.c >&5
configure:2411: $? = 0
configure:2414: test -z 			 || test ! -s conftest.err
configure:2417: $? = 0
configure:2420: test -s conftest.o
configure:2423: $? = 0
configure:2441: result: none needed
configure:2459: gcc -c -g -O2  conftest.c >&5
conftest.c:2:3: error: unknown type name 'choke'
   choke me
   ^
conftest.c:2:3: error: expected '=', ',', ';', 'asm' or '__attribute__' at end of input
configure:2465: $? = 1
configure: failed program was:
| #ifndef __cplusplus
|   choke me
| #endif
configure:2597: checking for main in -le
configure:2621: gcc -o conftest -g -O2   conftest.c -le   >&5
/usr/lib/gcc/i486-slackware-linux/4.8.2/../../../../i486-slackware-linux/bin/ld: cannot find -le
collect2: error: ld returned 1 exit status
configure:2627: $? = 1
configure: failed program was:
| /* confdefs.h.  */
| 
| #define PACKAGE_NAME ""
| #define PACKAGE_TARNAME ""
| #define PACKAGE_VERSION ""
| #define PACKAGE_STRING ""
| #define PACKAGE_BUGREPORT ""
| #define PACKAGE "wmwifi"
| #define VERSION "0.6"
| /* end confdefs.h.  */
| 
| 
| int
| main ()
| {
| main ();
|   ;
|   return 0;
| }
configure:2652: result: no
configure:2668: checking how to run the C preprocessor
configure:2703: gcc -E  conftest.c
configure:2709: $? = 0
configure:2741: gcc -E  conftest.c
conftest.c:11:28: fatal error: ac_nonexistent.h: No such file or directory
 #include <ac_nonexistent.h>
                            ^
compilation terminated.
configure:2747: $? = 1
configure: failed program was:
| /* confdefs.h.  */
| 
| #define PACKAGE_NAME ""
| #define PACKAGE_TARNAME ""
| #define PACKAGE_VERSION ""
| #define PACKAGE_STRING ""
| #define PACKAGE_BUGREPORT ""
| #define PACKAGE "wmwifi"
| #define VERSION "0.6"
| /* end confdefs.h.  */
| #include <ac_nonexistent.h>
configure:2786: result: gcc -E
configure:2810: gcc -E  conftest.c
configure:2816: $? = 0
configure:2848: gcc -E  conftest.c
conftest.c:11:28: fatal error: ac_nonexistent.h: No such file or directory
 #include <ac_nonexistent.h>
                            ^
compilation terminated.
configure:2854: $? = 1
configure: failed program was:
| /* confdefs.h.  */
| 
| #define PACKAGE_NAME ""
| #define PACKAGE_TARNAME ""
| #define PACKAGE_VERSION ""
| #define PACKAGE_STRING ""
| #define PACKAGE_BUGREPORT ""
| #define PACKAGE "wmwifi"
| #define VERSION "0.6"
| /* end confdefs.h.  */
| #include <ac_nonexistent.h>
configure:2900: checking for X
configure:3006: gcc -E  conftest.c
configure:3012: $? = 0
configure:3062: gcc -o conftest -g -O2   conftest.c -lX11  >&5
configure:3068: $? = 0
configure:3071: test -z 			 || test ! -s conftest.err
configure:3074: $? = 0
configure:3077: test -s conftest
configure:3080: $? = 0
configure:3134: result: libraries , headers in standard search path
configure:3305: gcc -o conftest -g -O2   conftest.c   -lX11 >&5
configure:3311: $? = 0
configure:3314: test -z 			 || test ! -s conftest.err
configure:3317: $? = 0
configure:3320: test -s conftest
configure:3323: $? = 0
configure:3479: checking for gethostbyname
configure:3536: gcc -o conftest -g -O2   conftest.c  >&5
configure:3542: $? = 0
configure:3545: test -z 			 || test ! -s conftest.err
configure:3548: $? = 0
configure:3551: test -s conftest
configure:3554: $? = 0
configure:3566: result: yes
configure:3715: checking for connect
configure:3772: gcc -o conftest -g -O2   conftest.c  >&5
configure:3778: $? = 0
configure:3781: test -z 			 || test ! -s conftest.err
configure:3784: $? = 0
configure:3787: test -s conftest
configure:3790: $? = 0
configure:3802: result: yes
configure:3876: checking for remove
configure:3933: gcc -o conftest -g -O2   conftest.c  >&5
configure:3939: $? = 0
configure:3942: test -z 			 || test ! -s conftest.err
configure:3945: $? = 0
configure:3948: test -s conftest
configure:3951: $? = 0
configure:3963: result: yes
configure:4037: checking for shmat
configure:4094: gcc -o conftest -g -O2   conftest.c  >&5
configure:4100: $? = 0
configure:4103: test -z 			 || test ! -s conftest.err
configure:4106: $? = 0
configure:4109: test -s conftest
configure:4112: $? = 0
configure:4124: result: yes
configure:4207: checking for IceConnectionNumber in -lICE
configure:4237: gcc -o conftest -g -O2   conftest.c -lICE   >&5
configure:4243: $? = 0
configure:4246: test -z 			 || test ! -s conftest.err
configure:4249: $? = 0
configure:4252: test -s conftest
configure:4255: $? = 0
configure:4268: result: yes
configure:4278: checking for X
configure:4512: result: libraries , headers in standard search path
configure:4518: checking for XCopyArea in -lX11
configure:4548: gcc -o conftest     conftest.c -lX11   >&5
configure:4554: $? = 0
configure:4557: test -z 			 || test ! -s conftest.err
configure:4560: $? = 0
configure:4563: test -s conftest
configure:4566: $? = 0
configure:4579: result: yes
configure:4591: checking for XShapeCombineMask in -lXext
configure:4621: gcc -o conftest     conftest.c -lXext  -lX11  >&5
configure:4627: $? = 0
configure:4630: test -z 			 || test ! -s conftest.err
configure:4633: $? = 0
configure:4636: test -s conftest
configure:4639: $? = 0
configure:4652: result: yes
configure:4664: checking for XpmCreatePixmapFromData in -lXpm
configure:4694: gcc -o conftest     conftest.c -lXpm  -lXext -lX11  >&5
configure:4700: $? = 0
configure:4703: test -z 			 || test ! -s conftest.err
configure:4706: $? = 0
configure:4709: test -s conftest
configure:4712: $? = 0
configure:4725: result: yes
configure:4736: checking for egrep
configure:4746: result: grep -E
configure:4751: checking for ANSI C header files
configure:4776: gcc -c    conftest.c >&5
configure:4782: $? = 0
configure:4785: test -z 			 || test ! -s conftest.err
configure:4788: $? = 0
configure:4791: test -s conftest.o
configure:4794: $? = 0
configure:4883: gcc -o conftest     conftest.c -lXpm -lXext -lX11  >&5
conftest.c: In function 'main':
conftest.c:31:7: warning: incompatible implicit declaration of built-in function 'exit' [enabled by default]
       exit(2);
       ^
configure:4886: $? = 0
configure:4888: ./conftest
configure:4891: $? = 0
configure:4906: result: yes
configure:4930: checking for sys/types.h
configure:4946: gcc -c    conftest.c >&5
configure:4952: $? = 0
configure:4955: test -z 			 || test ! -s conftest.err
configure:4958: $? = 0
configure:4961: test -s conftest.o
configure:4964: $? = 0
configure:4975: result: yes
configure:4930: checking for sys/stat.h
configure:4946: gcc -c    conftest.c >&5
configure:4952: $? = 0
configure:4955: test -z 			 || test ! -s conftest.err
configure:4958: $? = 0
configure:4961: test -s conftest.o
configure:4964: $? = 0
configure:4975: result: yes
configure:4930: checking for stdlib.h
configure:4946: gcc -c    conftest.c >&5
configure:4952: $? = 0
configure:4955: test -z 			 || test ! -s conftest.err
configure:4958: $? = 0
configure:4961: test -s conftest.o
configure:4964: $? = 0
configure:4975: result: yes
configure:4930: checking for string.h
configure:4946: gcc -c    conftest.c >&5
configure:4952: $? = 0
configure:4955: test -z 			 || test ! -s conftest.err
configure:4958: $? = 0
configure:4961: test -s conftest.o
configure:4964: $? = 0
configure:4975: result: yes
configure:4930: checking for memory.h
configure:4946: gcc -c    conftest.c >&5
configure:4952: $? = 0
configure:4955: test -z 			 || test ! -s conftest.err
configure:4958: $? = 0
configure:4961: test -s conftest.o
configure:4964: $? = 0
configure:4975: result: yes
configure:4930: checking for strings.h
configure:4946: gcc -c    conftest.c >&5
configure:4952: $? = 0
configure:4955: test -z 			 || test ! -s conftest.err
configure:4958: $? = 0
configure:4961: test -s conftest.o
configure:4964: $? = 0
configure:4975: result: yes
configure:4930: checking for inttypes.h
configure:4946: gcc -c    conftest.c >&5
configure:4952: $? = 0
configure:4955: test -z 			 || test ! -s conftest.err
configure:4958: $? = 0
configure:4961: test -s conftest.o
configure:4964: $? = 0
configure:4975: result: yes
configure:4930: checking for stdint.h
configure:4946: gcc -c    conftest.c >&5
configure:4952: $? = 0
configure:4955: test -z 			 || test ! -s conftest.err
configure:4958: $? = 0
configure:4961: test -s conftest.o
configure:4964: $? = 0
configure:4975: result: yes
configure:4930: checking for unistd.h
configure:4946: gcc -c    conftest.c >&5
configure:4952: $? = 0
configure:4955: test -z 			 || test ! -s conftest.err
configure:4958: $? = 0
configure:4961: test -s conftest.o
configure:4964: $? = 0
configure:4975: result: yes
configure:4997: checking X11/xpm.h usability
configure:5009: gcc -c    conftest.c >&5
configure:5015: $? = 0
configure:5018: test -z 			 || test ! -s conftest.err
configure:5021: $? = 0
configure:5024: test -s conftest.o
configure:5027: $? = 0
configure:5037: result: yes
configure:5041: checking X11/xpm.h presence
configure:5051: gcc -E  conftest.c
configure:5057: $? = 0
configure:5077: result: yes
configure:5112: checking for X11/xpm.h
configure:5119: result: yes
configure:5125: checking for ANSI C header files
configure:5280: result: yes
configure:5297: checking for strings.h
configure:5302: result: yes
configure:5306: checking sys/time.h usability
configure:5318: gcc -c    conftest.c >&5
configure:5324: $? = 0
configure:5327: test -z 			 || test ! -s conftest.err
configure:5330: $? = 0
configure:5333: test -s conftest.o
configure:5336: $? = 0
configure:5346: result: yes
configure:5350: checking sys/time.h presence
configure:5360: gcc -E  conftest.c
configure:5366: $? = 0
configure:5386: result: yes
configure:5421: checking for sys/time.h
configure:5428: result: yes
configure:5297: checking for unistd.h
configure:5302: result: yes
configure:5442: checking whether time.h and sys/time.h may both be included
configure:5467: gcc -c    conftest.c >&5
configure:5473: $? = 0
configure:5476: test -z 			 || test ! -s conftest.err
configure:5479: $? = 0
configure:5482: test -s conftest.o
configure:5485: $? = 0
configure:5496: result: yes
configure:5511: checking for select
configure:5568: gcc -o conftest     conftest.c -lXpm -lXext -lX11  >&5
configure:5574: $? = 0
configure:5577: test -z 			 || test ! -s conftest.err
configure:5580: $? = 0
configure:5583: test -s conftest
configure:5586: $? = 0
configure:5598: result: yes
configure:5736: creating ./config.status

## ---------------------- ##
## Running config.status. ##
## ---------------------- ##

This file was extended by config.status, which was
generated by GNU Autoconf 2.59.  Invocation command line was

  CONFIG_FILES    = 
  CONFIG_HEADERS  = 
  CONFIG_LINKS    = 
  CONFIG_COMMANDS = 
  $ ./config.status 

on Yuuko

config.status:693: creating Makefile
config.status:693: creating src/Makefile

## ---------------- ##
## Cache variables. ##
## ---------------- ##

ac_cv_c_compiler_gnu=yes
ac_cv_env_CC_set=
ac_cv_env_CC_value=
ac_cv_env_CFLAGS_set=
ac_cv_env_CFLAGS_value=
ac_cv_env_CPPFLAGS_set=
ac_cv_env_CPPFLAGS_value=
ac_cv_env_CPP_set=
ac_cv_env_CPP_value=
ac_cv_env_LDFLAGS_set=
ac_cv_env_LDFLAGS_value=
ac_cv_env_build_alias_set=
ac_cv_env_build_alias_value=
ac_cv_env_host_alias_set=
ac_cv_env_host_alias_value=
ac_cv_env_target_alias_set=
ac_cv_env_target_alias_value=
ac_cv_exeext=
ac_cv_func_connect=yes
ac_cv_func_gethostbyname=yes
ac_cv_func_remove=yes
ac_cv_func_select=yes
ac_cv_func_shmat=yes
ac_cv_have_x='have_x=yes 		ac_x_includes= ac_x_libraries='
ac_cv_header_X11_xpm_h=yes
ac_cv_header_inttypes_h=yes
ac_cv_header_memory_h=yes
ac_cv_header_stdc=yes
ac_cv_header_stdint_h=yes
ac_cv_header_stdlib_h=yes
ac_cv_header_string_h=yes
ac_cv_header_strings_h=yes
ac_cv_header_sys_stat_h=yes
ac_cv_header_sys_time_h=yes
ac_cv_header_sys_types_h=yes
ac_cv_header_time=yes
ac_cv_header_unistd_h=yes
ac_cv_lib_ICE_IceConnectionNumber=yes
ac_cv_lib_X11_XCopyArea=yes
ac_cv_lib_Xext_XShapeCombineMask=yes
ac_cv_lib_Xpm_XpmCreatePixmapFromData=yes
ac_cv_lib_e_main=no
ac_cv_objext=o
ac_cv_path_install='/usr/bin/ginstall -c'
ac_cv_prog_CPP='gcc -E'
ac_cv_prog_ac_ct_CC=gcc
ac_cv_prog_cc_g=yes
ac_cv_prog_cc_stdc=
ac_cv_prog_egrep='grep -E'
ac_cv_prog_make_make_set=yes

## ----------------- ##
## Output variables. ##
## ----------------- ##

ACLOCAL='/home/dexter4/Downloads/dockapps/missing aclocal-1.4'
AUTOCONF='autoconf'
AUTOHEADER='autoheader'
AUTOMAKE='/home/dexter4/Downloads/dockapps/missing automake-1.4'
CC='gcc'
CFLAGS=' '
CPP='gcc -E'
CPPFLAGS=''
DEFS='-DPACKAGE_NAME=\"\" -DPACKAGE_TARNAME=\"\" -DPACKAGE_VERSION=\"\" -DPACKAGE_STRING=\"\" -DPACKAGE_BUGREPORT=\"\" -DPACKAGE=\"wmwifi\" -DVERSION=\"0.6\" -DHAVE_LIBX11=1 -DHAVE_LIBXEXT=1 -DHAVE_LIBXPM=1 -DSTDC_HEADERS=1 -DHAVE_SYS_TYPES_H=1 -DHAVE_SYS_STAT_H=1 -DHAVE_STDLIB_H=1 -DHAVE_STRING_H=1 -DHAVE_MEMORY_H=1 -DHAVE_STRINGS_H=1 -DHAVE_INTTYPES_H=1 -DHAVE_STDINT_H=1 -DHAVE_UNISTD_H=1 -DSTDC_HEADERS=1 -DHAVE_STRINGS_H=1 -DHAVE_SYS_TIME_H=1 -DHAVE_UNISTD_H=1 -DTIME_WITH_SYS_TIME=1 -DHAVE_SELECT=1 '
ECHO_C=''
ECHO_N='-n'
ECHO_T=''
EGREP='grep -E'
EXEEXT=''
INSTALL_DATA='${INSTALL} -m 644'
INSTALL_PROGRAM='${INSTALL}'
INSTALL_SCRIPT='${INSTALL}'
LDFLAGS=''
LIBOBJS=''
LIBS='-lXpm -lXext -lX11 '
LTLIBOBJS=''
MAKEINFO='makeinfo'
OBJEXT='o'
PACKAGE='wmwifi'
PACKAGE_BUGREPORT=''
PACKAGE_NAME=''
PACKAGE_STRING=''
PACKAGE_TARNAME=''
PACKAGE_VERSION=''
PATH_SEPARATOR=':'
SET_MAKE=''
SHELL='/bin/sh'
VERSION='0.6'
X_CFLAGS=''
X_EXTRA_LIBS=''
X_LIBS=''
X_PRE_LIBS=' -lSM -lICE'
ac_ct_CC='gcc'
bindir='${exec_prefix}/bin'
build_alias=''
datadir='${prefix}/share'
exec_prefix='${prefix}'
host_alias=''
includedir='${prefix}/include'
infodir='${prefix}/info'
libdir='${exec_prefix}/lib'
libexecdir='${exec_prefix}/libexec'
localstatedir='${prefix}/var'
mandir='${prefix}/man'
oldincludedir='/usr/include'
prefix='/usr/local'
program_transform_name='s,x,x,'
sbindir='${exec_prefix}/sbin'
sharedstatedir='${prefix}/com'
sysconfdir='${prefix}/etc'
target_alias=''

## ----------- ##
## confdefs.h. ##
## ----------- ##

#define HAVE_INTTYPES_H 1
#define HAVE_LIBX11 1
#define HAVE_LIBXEXT 1
#define HAVE_LIBXPM 1
#define HAVE_MEMORY_H 1
#define HAVE_SELECT 1
#define HAVE_STDINT_H 1
#define HAVE_STDLIB_H 1
#define HAVE_STRINGS_H 1
#define HAVE_STRINGS_H 1
#define HAVE_STRING_H 1
#define HAVE_SYS_STAT_H 1
#define HAVE_SYS_TIME_H 1
#define HAVE_SYS_TYPES_H 1
#define HAVE_UNISTD_H 1
#define HAVE_UNISTD_H 1
#define PACKAGE "wmwifi"
#define PACKAGE_BUGREPORT ""
#define PACKAGE_NAME ""
#define PACKAGE_STRING ""
#define PACKAGE_TARNAME ""
#define PACKAGE_VERSION ""
#define STDC_HEADERS 1
#define STDC_HEADERS 1
#define TIME_WITH_SYS_TIME 1
#define VERSION "0.6"

configure: exit 0
