This file contains any messages produced by compilers while
running configure, to aid debugging if configure makes a mistake.

configure:553: checking for a BSD compatible install
configure:606: checking whether build environment is sane
configure:663: checking whether make sets ${MAKE}
configure:709: checking for working aclocal
configure:722: checking for working autoconf
configure:735: checking for working automake
configure:748: checking for working autoheader
configure:761: checking for working makeinfo
configure:779: checking for gcc
configure:856: checking whether the C compiler (gcc  ) works
configure:870: gcc -o conftest    conftest.c  1>&5
configure:890: checking whether the C compiler (gcc  ) is a cross-compiler
configure:895: checking whether we are using GNU C
configure:919: checking whether gcc accepts -g
configure:949: checking how to run the C preprocessor
configure:1015: checking for flex
configure:1047: checking for flex
configure:1080: checking for yywrap in -lfl
configure:1122: checking lex output file root
configure:1143: checking whether yytext is a pointer
configure:1188: checking for bison
configure:1218: checking whether make sets ${MAKE}
configure:1247: checking for ranlib
configure:1275: checking for ANSI C header files
configure:1382: checking for fcntl.h
configure:1382: checking for sys/file.h
configure:1382: checking for sys/time.h
configure:1382: checking for unistd.h
configure:1382: checking for crypt.h
configure:1420: checking for working const
configure:1495: checking for pid_t
configure:1528: checking for size_t
configure:1561: checking whether time.h and sys/time.h may both be included
configure:1597: checking for 8-bit clean memcmp
configure:1633: checking return type of signal handlers
configure:1678: checking for socket in -lsocket
configure:1721: checking for gethostbyname in -lnsl
configure:1763: checking for crypt in -lcrypt
