This file contains any messages produced by compilers while
running configure, to aid debugging if configure makes a mistake.

It was created by configure, which was
generated by GNU Autoconf 2.69.  Invocation command line was

  $ ./configure 

## --------- ##
## Platform. ##
## --------- ##

hostname = Yuuko
uname -m = i686
uname -r = 3.10.17-smp
uname -s = Linux
uname -v = #2 SMP Wed Oct 23 17:13:14 CDT 2013

/usr/bin/uname -p = Intel(R) Pentium(R) 4 CPU 1.60GHz
/bin/uname -X     = unknown

/bin/arch              = i686
/usr/bin/arch -k       = unknown
/usr/convex/getsysinfo = unknown
/usr/bin/hostinfo      = unknown
/bin/machine           = unknown
/usr/bin/oslevel       = unknown
/bin/universe          = unknown

PATH: /usr/local/bin
PATH: /usr/bin
PATH: /bin
PATH: /usr/games
PATH: /usr/lib/qt/bin


## ----------- ##
## Core tests. ##
## ----------- ##

configure:2355: checking for a BSD-compatible install
configure:2423: result: /usr/bin/ginstall -c
configure:2434: checking whether build environment is sane
configure:2484: result: yes
configure:2512: WARNING: `missing' script is too old or missing
configure:2625: checking for a thread-safe mkdir -p
configure:2664: result: /usr/bin/mkdir -p
configure:2677: checking for gawk
configure:2693: found /usr/bin/gawk
configure:2704: result: gawk
configure:2715: checking whether make sets $(MAKE)
configure:2737: result: yes
configure:2829: checking build system type
configure:2843: result: i686-pc-linux-gnu
configure:2863: checking host system type
configure:2876: result: i686-pc-linux-gnu
configure:2910: checking for style of include used by make
configure:2938: result: GNU
configure:3009: checking for gcc
configure:3025: found /usr/bin/gcc
configure:3036: result: gcc
configure:3265: checking for C compiler version
configure:3274: gcc --version >&5
gcc (GCC) 4.8.2
Copyright (C) 2013 Free Software Foundation, Inc.
This is free software; see the source for copying conditions.  There is NO
warranty; not even for MERCHANTABILITY or FITNESS FOR A PARTICULAR PURPOSE.

configure:3285: $? = 0
configure:3274: gcc -v >&5
Reading specs from /usr/lib/gcc/i486-slackware-linux/4.8.2/specs
COLLECT_GCC=gcc
COLLECT_LTO_WRAPPER=/usr/libexec/gcc/i486-slackware-linux/4.8.2/lto-wrapper
Target: i486-slackware-linux
Configured with: ../gcc-4.8.2/configure --prefix=/usr --libdir=/usr/lib --mandir=/usr/man --infodir=/usr/info --enable-shared --enable-bootstrap --enable-languages=ada,c,c++,fortran,go,java,lto,objc --enable-threads=posix --enable-checking=release --enable-objc-gc --with-system-zlib --with-python-dir=/lib/python2.7/site-packages --disable-libunwind-exceptions --enable-__cxa_atexit --enable-libssp --enable-lto --with-gnu-ld --verbose --enable-java-home --with-java-home=/usr/lib/jvm/jre --with-jvm-root-dir=/usr/lib/jvm --with-jvm-jar-dir=/usr/lib/jvm/jvm-exports --with-arch-directory=i386 --with-antlr-jar=/root/slackware-current/source/d/gcc/antlr-runtime-3.4.jar --enable-java-awt=gtk --disable-gtktest --with-arch=i486 --target=i486-slackware-linux --build=i486-slackware-linux --host=i486-slackware-linux
Thread model: posix
gcc version 4.8.2 (GCC) 
configure:3285: $? = 0
configure:3274: gcc -V >&5
gcc: error: unrecognized command line option '-V'
gcc: fatal error: no input files
compilation terminated.
configure:3285: $? = 1
configure:3274: gcc -qversion >&5
gcc: error: unrecognized command line option '-qversion'
gcc: fatal error: no input files
compilation terminated.
configure:3285: $? = 1
configure:3305: checking whether the C compiler works
configure:3327: gcc    conftest.c  >&5
configure:3331: $? = 0
configure:3379: result: yes
configure:3382: checking for C compiler default output file name
configure:3384: result: a.out
configure:3390: checking for suffix of executables
configure:3397: gcc -o conftest    conftest.c  >&5
configure:3401: $? = 0
configure:3423: result: 
configure:3445: checking whether we are cross compiling
configure:3453: gcc -o conftest    conftest.c  >&5
configure:3457: $? = 0
configure:3464: ./conftest
configure:3468: $? = 0
configure:3483: result: no
configure:3488: checking for suffix of object files
configure:3510: gcc -c   conftest.c >&5
configure:3514: $? = 0
configure:3535: result: o
configure:3539: checking whether we are using the GNU C compiler
configure:3558: gcc -c   conftest.c >&5
configure:3558: $? = 0
configure:3567: result: yes
configure:3576: checking whether gcc accepts -g
configure:3596: gcc -c -g  conftest.c >&5
configure:3596: $? = 0
configure:3637: result: yes
configure:3654: checking for gcc option to accept ISO C89
configure:3717: gcc  -c -g -O2  conftest.c >&5
configure:3717: $? = 0
configure:3730: result: none needed
configure:3752: checking dependency style of gcc
configure:3863: result: none
configure:3879: checking for library containing strerror
configure:3910: gcc -o conftest -g -O2   conftest.c  >&5
configure:3910: $? = 0
configure:3927: result: none required
configure:3983: checking for gcc
configure:4010: result: gcc
configure:4239: checking for C compiler version
configure:4248: gcc --version >&5
gcc (GCC) 4.8.2
Copyright (C) 2013 Free Software Foundation, Inc.
This is free software; see the source for copying conditions.  There is NO
warranty; not even for MERCHANTABILITY or FITNESS FOR A PARTICULAR PURPOSE.

configure:4259: $? = 0
configure:4248: gcc -v >&5
Reading specs from /usr/lib/gcc/i486-slackware-linux/4.8.2/specs
COLLECT_GCC=gcc
COLLECT_LTO_WRAPPER=/usr/libexec/gcc/i486-slackware-linux/4.8.2/lto-wrapper
Target: i486-slackware-linux
Configured with: ../gcc-4.8.2/configure --prefix=/usr --libdir=/usr/lib --mandir=/usr/man --infodir=/usr/info --enable-shared --enable-bootstrap --enable-languages=ada,c,c++,fortran,go,java,lto,objc --enable-threads=posix --enable-checking=release --enable-objc-gc --with-system-zlib --with-python-dir=/lib/python2.7/site-packages --disable-libunwind-exceptions --enable-__cxa_atexit --enable-libssp --enable-lto --with-gnu-ld --verbose --enable-java-home --with-java-home=/usr/lib/jvm/jre --with-jvm-root-dir=/usr/lib/jvm --with-jvm-jar-dir=/usr/lib/jvm/jvm-exports --with-arch-directory=i386 --with-antlr-jar=/root/slackware-current/source/d/gcc/antlr-runtime-3.4.jar --enable-java-awt=gtk --disable-gtktest --with-arch=i486 --target=i486-slackware-linux --build=i486-slackware-linux --host=i486-slackware-linux
Thread model: posix
gcc version 4.8.2 (GCC) 
configure:4259: $? = 0
configure:4248: gcc -V >&5
gcc: error: unrecognized command line option '-V'
gcc: fatal error: no input files
compilation terminated.
configure:4259: $? = 1
configure:4248: gcc -qversion >&5
gcc: error: unrecognized command line option '-qversion'
gcc: fatal error: no input files
compilation terminated.
configure:4259: $? = 1
configure:4263: checking whether we are using the GNU C compiler
configure:4291: result: yes
configure:4300: checking whether gcc accepts -g
configure:4361: result: yes
configure:4378: checking for gcc option to accept ISO C89
configure:4454: result: none needed
configure:4476: checking dependency style of gcc
configure:4587: result: none
configure:4602: checking whether make sets $(MAKE)
configure:4624: result: yes
configure:4676: checking for ranlib
configure:4692: found /usr/bin/ranlib
configure:4703: result: ranlib
configure:4726: checking whether ln -s works
configure:4730: result: yes
configure:4742: checking how to run the C preprocessor
configure:4773: gcc -E  conftest.c
configure:4773: $? = 0
configure:4787: gcc -E  conftest.c
conftest.c:11:28: fatal error: ac_nonexistent.h: No such file or directory
 #include <ac_nonexistent.h>
                            ^
compilation terminated.
configure:4787: $? = 1
configure: failed program was:
| /* confdefs.h */
| #define PACKAGE_NAME ""
| #define PACKAGE_TARNAME ""
| #define PACKAGE_VERSION ""
| #define PACKAGE_STRING ""
| #define PACKAGE_BUGREPORT ""
| #define PACKAGE_URL ""
| #define PACKAGE "WindowMaker"
| #define VERSION "0.17.5"
| /* end confdefs.h.  */
| #include <ac_nonexistent.h>
configure:4812: result: gcc -E
configure:4832: gcc -E  conftest.c
configure:4832: $? = 0
configure:4846: gcc -E  conftest.c
conftest.c:11:28: fatal error: ac_nonexistent.h: No such file or directory
 #include <ac_nonexistent.h>
                            ^
compilation terminated.
configure:4846: $? = 1
configure: failed program was:
| /* confdefs.h */
| #define PACKAGE_NAME ""
| #define PACKAGE_TARNAME ""
| #define PACKAGE_VERSION ""
| #define PACKAGE_STRING ""
| #define PACKAGE_BUGREPORT ""
| #define PACKAGE_URL ""
| #define PACKAGE "WindowMaker"
| #define VERSION "0.17.5"
| /* end confdefs.h.  */
| #include <ac_nonexistent.h>
configure:4875: checking for grep that handles long lines and -e
configure:4933: result: /usr/bin/grep
configure:4938: checking for egrep
configure:5000: result: /usr/bin/grep -E
configure:5006: checking whether gcc needs -traditional
configure:5040: result: no
configure:5049: checking return type of signal handlers
configure:5067: gcc -c -g -O2  conftest.c >&5
conftest.c: In function 'main':
conftest.c:17:1: error: void value not ignored as it ought to be
 return *(signal (0, 0)) (0) == 1;
 ^
configure:5067: $? = 1
configure: failed program was:
| /* confdefs.h */
| #define PACKAGE_NAME ""
| #define PACKAGE_TARNAME ""
| #define PACKAGE_VERSION ""
| #define PACKAGE_STRING ""
| #define PACKAGE_BUGREPORT ""
| #define PACKAGE_URL ""
| #define PACKAGE "WindowMaker"
| #define VERSION "0.17.5"
| /* end confdefs.h.  */
| #include <sys/types.h>
| #include <signal.h>
| 
| int
| main ()
| {
| return *(signal (0, 0)) (0) == 1;
|   ;
|   return 0;
| }
configure:5074: result: void
configure:5084: checking for vprintf
configure:5084: gcc -o conftest -g -O2   conftest.c  >&5
conftest.c:35:6: warning: conflicting types for built-in function 'vprintf' [enabled by default]
 char vprintf ();
      ^
configure:5084: $? = 0
configure:5084: result: yes
configure:5090: checking for _doprnt
configure:5090: gcc -o conftest -g -O2   conftest.c  >&5
/tmp/ccyEAXZk.o: In function `main':
/home/dexter4/Downloads/WindowMaker-0.17.5/conftest.c:47: undefined reference to `_doprnt'
collect2: error: ld returned 1 exit status
configure:5090: $? = 1
configure: failed program was:
| /* confdefs.h */
| #define PACKAGE_NAME ""
| #define PACKAGE_TARNAME ""
| #define PACKAGE_VERSION ""
| #define PACKAGE_STRING ""
| #define PACKAGE_BUGREPORT ""
| #define PACKAGE_URL ""
| #define PACKAGE "WindowMaker"
| #define VERSION "0.17.5"
| #define RETSIGTYPE void
| #define HAVE_VPRINTF 1
| /* end confdefs.h.  */
| /* Define _doprnt to an innocuous variant, in case <limits.h> declares _doprnt.
|    For example, HP-UX 11i <limits.h> declares gettimeofday.  */
| #define _doprnt innocuous__doprnt
| 
| /* System header to define __stub macros and hopefully few prototypes,
|     which can conflict with char _doprnt (); below.
|     Prefer <limits.h> to <assert.h> if __STDC__ is defined, since
|     <limits.h> exists even on freestanding compilers.  */
| 
| #ifdef __STDC__
| # include <limits.h>
| #else
| # include <assert.h>
| #endif
| 
| #undef _doprnt
| 
| /* Override any GCC internal prototype to avoid an error.
|    Use char because int might match the return type of a GCC
|    builtin and then its argument prototype would still apply.  */
| #ifdef __cplusplus
| extern "C"
| #endif
| char _doprnt ();
| /* The GNU C library defines this for functions which it implements
|     to always fail with ENOSYS.  Some functions are actually named
|     something starting with __ and the normal name is an alias.  */
| #if defined __stub__doprnt || defined __stub____doprnt
| choke me
| #endif
| 
| int
| main ()
| {
| return _doprnt ();
|   ;
|   return 0;
| }
configure:5090: result: no
configure:5101: checking for ANSI C header files
configure:5121: gcc -c -g -O2  conftest.c >&5
configure:5121: $? = 0
configure:5194: gcc -o conftest -g -O2   conftest.c  >&5
configure:5194: $? = 0
configure:5194: ./conftest
configure:5194: $? = 0
configure:5205: result: yes
configure:5218: checking for sys/types.h
configure:5218: gcc -c -g -O2  conftest.c >&5
configure:5218: $? = 0
configure:5218: result: yes
configure:5218: checking for sys/stat.h
configure:5218: gcc -c -g -O2  conftest.c >&5
configure:5218: $? = 0
configure:5218: result: yes
configure:5218: checking for stdlib.h
configure:5218: gcc -c -g -O2  conftest.c >&5
configure:5218: $? = 0
configure:5218: result: yes
configure:5218: checking for string.h
configure:5218: gcc -c -g -O2  conftest.c >&5
configure:5218: $? = 0
configure:5218: result: yes
configure:5218: checking for memory.h
configure:5218: gcc -c -g -O2  conftest.c >&5
configure:5218: $? = 0
configure:5218: result: yes
configure:5218: checking for strings.h
configure:5218: gcc -c -g -O2  conftest.c >&5
configure:5218: $? = 0
configure:5218: result: yes
configure:5218: checking for inttypes.h
configure:5218: gcc -c -g -O2  conftest.c >&5
configure:5218: $? = 0
configure:5218: result: yes
configure:5218: checking for stdint.h
configure:5218: gcc -c -g -O2  conftest.c >&5
configure:5218: $? = 0
configure:5218: result: yes
configure:5218: checking for unistd.h
configure:5218: gcc -c -g -O2  conftest.c >&5
configure:5218: $? = 0
configure:5218: result: yes
configure:5230: checking for size_t
configure:5230: gcc -c -g -O2  conftest.c >&5
configure:5230: $? = 0
configure:5230: gcc -c -g -O2  conftest.c >&5
conftest.c: In function 'main':
conftest.c:59:21: error: expected expression before ')' token
 if (sizeof ((size_t)))
                     ^
configure:5230: $? = 1
configure: failed program was:
| /* confdefs.h */
| #define PACKAGE_NAME ""
| #define PACKAGE_TARNAME ""
| #define PACKAGE_VERSION ""
| #define PACKAGE_STRING ""
| #define PACKAGE_BUGREPORT ""
| #define PACKAGE_URL ""
| #define PACKAGE "WindowMaker"
| #define VERSION "0.17.5"
| #define RETSIGTYPE void
| #define HAVE_VPRINTF 1
| #define STDC_HEADERS 1
| #define HAVE_SYS_TYPES_H 1
| #define HAVE_SYS_STAT_H 1
| #define HAVE_STDLIB_H 1
| #define HAVE_STRING_H 1
| #define HAVE_MEMORY_H 1
| #define HAVE_STRINGS_H 1
| #define HAVE_INTTYPES_H 1
| #define HAVE_STDINT_H 1
| #define HAVE_UNISTD_H 1
| /* end confdefs.h.  */
| #include <stdio.h>
| #ifdef HAVE_SYS_TYPES_H
| # include <sys/types.h>
| #endif
| #ifdef HAVE_SYS_STAT_H
| # include <sys/stat.h>
| #endif
| #ifdef STDC_HEADERS
| # include <stdlib.h>
| # include <stddef.h>
| #else
| # ifdef HAVE_STDLIB_H
| #  include <stdlib.h>
| # endif
| #endif
| #ifdef HAVE_STRING_H
| # if !defined STDC_HEADERS && defined HAVE_MEMORY_H
| #  include <memory.h>
| # endif
| # include <string.h>
| #endif
| #ifdef HAVE_STRINGS_H
| # include <strings.h>
| #endif
| #ifdef HAVE_INTTYPES_H
| # include <inttypes.h>
| #endif
| #ifdef HAVE_STDINT_H
| # include <stdint.h>
| #endif
| #ifdef HAVE_UNISTD_H
| # include <unistd.h>
| #endif
| int
| main ()
| {
| if (sizeof ((size_t)))
| 	    return 0;
|   ;
|   return 0;
| }
configure:5230: result: yes
configure:5243: checking for working alloca.h
configure:5260: gcc -o conftest -g -O2   conftest.c  >&5
configure:5260: $? = 0
configure:5268: result: yes
configure:5276: checking for alloca
configure:5313: gcc -o conftest -g -O2   conftest.c  >&5
configure:5313: $? = 0
configure:5321: result: yes
configure:5430: checking for gethostname
configure:5430: gcc -o conftest -g -O2   conftest.c  >&5
configure:5430: $? = 0
configure:5430: result: yes
configure:5430: checking for memmove
configure:5430: gcc -o conftest -g -O2   conftest.c  >&5
conftest.c:49:6: warning: conflicting types for built-in function 'memmove' [enabled by default]
 char memmove ();
      ^
configure:5430: $? = 0
configure:5430: result: yes
configure:5430: checking for gettimeofday
configure:5430: gcc -o conftest -g -O2   conftest.c  >&5
configure:5430: $? = 0
configure:5430: result: yes
configure:5430: checking for select
configure:5430: gcc -o conftest -g -O2   conftest.c  >&5
configure:5430: $? = 0
configure:5430: result: yes
configure:5430: checking for poll
configure:5430: gcc -o conftest -g -O2   conftest.c  >&5
configure:5430: $? = 0
configure:5430: result: yes
configure:5430: checking for strcspn
configure:5430: gcc -o conftest -g -O2   conftest.c  >&5
conftest.c:53:6: warning: conflicting types for built-in function 'strcspn' [enabled by default]
 char strcspn ();
      ^
configure:5430: $? = 0
configure:5430: result: yes
configure:5430: checking for strerror
configure:5430: gcc -o conftest -g -O2   conftest.c  >&5
configure:5430: $? = 0
configure:5430: result: yes
configure:5430: checking for strncasecmp
configure:5430: gcc -o conftest -g -O2   conftest.c  >&5
conftest.c:55:6: warning: conflicting types for built-in function 'strncasecmp' [enabled by default]
 char strncasecmp ();
      ^
configure:5430: $? = 0
configure:5430: result: yes
configure:5430: checking for setpgid
configure:5430: gcc -o conftest -g -O2   conftest.c  >&5
configure:5430: $? = 0
configure:5430: result: yes
configure:5439: checking for usleep
configure:5439: gcc -o conftest -g -O2   conftest.c  >&5
configure:5439: $? = 0
configure:5439: result: yes
configure:5457: checking for cpp
configure:5476: found /lib/cpp
configure:5489: result: /lib/cpp
configure:5519: checking for gettext
configure:5519: gcc -o conftest -g -O2   conftest.c  >&5
conftest.c:59:6: warning: conflicting types for built-in function 'gettext' [enabled by default]
 char gettext ();
      ^
configure:5519: $? = 0
configure:5519: result: yes
configure:5570: checking for xgettext
configure:5586: found /usr/bin/xgettext
configure:5597: result: xgettext
configure:5742: checking for X
configure:5881: gcc -o conftest -g -O2   conftest.c -lX11  >&5
configure:5881: $? = 0
configure:5931: result: libraries , headers 
configure:6030: gcc -o conftest -g -O2   conftest.c   -lX11 >&5
configure:6030: $? = 0
configure:6128: checking for gethostbyname
configure:6128: gcc -o conftest -g -O2   conftest.c  >&5
configure:6128: $? = 0
configure:6128: result: yes
configure:6225: checking for connect
configure:6225: gcc -o conftest -g -O2   conftest.c  >&5
configure:6225: $? = 0
configure:6225: result: yes
configure:6274: checking for remove
configure:6274: gcc -o conftest -g -O2   conftest.c  >&5
configure:6274: $? = 0
configure:6274: result: yes
configure:6323: checking for shmat
configure:6323: gcc -o conftest -g -O2   conftest.c  >&5
configure:6323: $? = 0
configure:6323: result: yes
configure:6381: checking for IceConnectionNumber in -lICE
configure:6406: gcc -o conftest -g -O2   conftest.c -lICE   >&5
configure:6406: $? = 0
configure:6415: result: yes
configure:6500: checking for XShapeSelectInput in -lXext
configure:6525: gcc -o conftest -g -O2   conftest.c -lXext   -lX11  >&5
configure:6525: $? = 0
configure:6534: result: yes
configure:6558: checking for XShmAttach in -lXext
configure:6583: gcc -o conftest -g -O2   conftest.c -lXext  -lXext  -lX11  >&5
configure:6583: $? = 0
configure:6592: result: yes
configure:6602: checking for shmget
configure:6602: gcc -o conftest -g -O2   conftest.c  >&5
configure:6602: $? = 0
configure:6602: result: yes
configure:6654: checking for XpmCreatePixmapFromData in -lXpm
configure:6679: gcc -o conftest -g -O2   conftest.c -lXpm    -lXext  -lX11  >&5
configure:6679: $? = 0
configure:6688: result: yes
configure:6706: checking for gzread in -lz
configure:6731: gcc -o conftest -g -O2   conftest.c -lz    >&5
configure:6731: $? = 0
configure:6740: result: yes
configure:6762: checking for png_get_valid in -lpng
configure:6787: gcc -o conftest -g -O2   conftest.c -lpng   -lz -lm  >&5
configure:6787: $? = 0
configure:6796: result: yes
configure:6816: checking for jpeg_destroy_compress in -ljpeg
configure:6841: gcc -o conftest -g -O2   conftest.c -ljpeg    >&5
configure:6841: $? = 0
configure:6850: result: yes
configure:6876: checking for TIFFGetVersion in -ltiff
configure:6901: gcc -o conftest -g -O2   conftest.c -ltiff    -lXext  -lX11  -lXpm -lpng -lz -ljpeg -lm  >&5
configure:6901: $? = 0
configure:6910: result: yes
configure:7167: checking for ANSI C header files
configure:7271: result: yes
configure:7279: checking for sys/wait.h that is POSIX.1 compatible
configure:7305: gcc -c -g -O2  conftest.c >&5
configure:7305: $? = 0
configure:7312: result: yes
configure:7323: checking fcntl.h usability
configure:7323: gcc -c -g -O2  conftest.c >&5
configure:7323: $? = 0
configure:7323: result: yes
configure:7323: checking fcntl.h presence
configure:7323: gcc -E  conftest.c
configure:7323: $? = 0
configure:7323: result: yes
configure:7323: checking for fcntl.h
configure:7323: result: yes
configure:7323: checking limits.h usability
configure:7323: gcc -c -g -O2  conftest.c >&5
configure:7323: $? = 0
configure:7323: result: yes
configure:7323: checking limits.h presence
configure:7323: gcc -E  conftest.c
configure:7323: $? = 0
configure:7323: result: yes
configure:7323: checking for limits.h
configure:7323: result: yes
configure:7323: checking sys/ioctl.h usability
configure:7323: gcc -c -g -O2  conftest.c >&5
configure:7323: $? = 0
configure:7323: result: yes
configure:7323: checking sys/ioctl.h presence
configure:7323: gcc -E  conftest.c
configure:7323: $? = 0
configure:7323: result: yes
configure:7323: checking for sys/ioctl.h
configure:7323: result: yes
configure:7323: checking sys/time.h usability
configure:7323: gcc -c -g -O2  conftest.c >&5
configure:7323: $? = 0
configure:7323: result: yes
configure:7323: checking sys/time.h presence
configure:7323: gcc -E  conftest.c
configure:7323: $? = 0
configure:7323: result: yes
configure:7323: checking for sys/time.h
configure:7323: result: yes
configure:7323: checking for sys/types.h
configure:7323: result: yes
configure:7323: checking for unistd.h
configure:7323: result: yes
configure:7323: checking libintl.h usability
configure:7323: gcc -c -g -O2  conftest.c >&5
configure:7323: $? = 0
configure:7323: result: yes
configure:7323: checking libintl.h presence
configure:7323: gcc -E  conftest.c
configure:7323: $? = 0
configure:7323: result: yes
configure:7323: checking for libintl.h
configure:7323: result: yes
configure:7323: checking sys/select.h usability
configure:7323: gcc -c -g -O2  conftest.c >&5
configure:7323: $? = 0
configure:7323: result: yes
configure:7323: checking sys/select.h presence
configure:7323: gcc -E  conftest.c
configure:7323: $? = 0
configure:7323: result: yes
configure:7323: checking for sys/select.h
configure:7323: result: yes
configure:7336: checking whether sys_siglist is declared
configure:7336: gcc -c -g -O2  conftest.c >&5
configure:7336: $? = 0
configure:7336: result: yes
configure:7354: checking for an ANSI C-conforming const
configure:7420: gcc -c -g -O2  conftest.c >&5
configure:7420: $? = 0
configure:7427: result: yes
configure:7435: checking for size_t
configure:7435: result: yes
configure:7446: checking for pid_t
configure:7446: gcc -c -g -O2  conftest.c >&5
configure:7446: $? = 0
configure:7446: gcc -c -g -O2  conftest.c >&5
conftest.c: In function 'main':
conftest.c:83:20: error: expected expression before ')' token
 if (sizeof ((pid_t)))
                    ^
configure:7446: $? = 1
configure: failed program was:
| /* confdefs.h */
| #define PACKAGE_NAME ""
| #define PACKAGE_TARNAME ""
| #define PACKAGE_VERSION ""
| #define PACKAGE_STRING ""
| #define PACKAGE_BUGREPORT ""
| #define PACKAGE_URL ""
| #define PACKAGE "WindowMaker"
| #define VERSION "0.17.5"
| #define RETSIGTYPE void
| #define HAVE_VPRINTF 1
| #define STDC_HEADERS 1
| #define HAVE_SYS_TYPES_H 1
| #define HAVE_SYS_STAT_H 1
| #define HAVE_STDLIB_H 1
| #define HAVE_STRING_H 1
| #define HAVE_MEMORY_H 1
| #define HAVE_STRINGS_H 1
| #define HAVE_INTTYPES_H 1
| #define HAVE_STDINT_H 1
| #define HAVE_UNISTD_H 1
| #define HAVE_ALLOCA_H 1
| #define HAVE_ALLOCA 1
| #define HAVE_GETHOSTNAME 1
| #define HAVE_MEMMOVE 1
| #define HAVE_GETTIMEOFDAY 1
| #define HAVE_SELECT 1
| #define HAVE_POLL 1
| #define HAVE_STRCSPN 1
| #define HAVE_STRERROR 1
| #define HAVE_STRNCASECMP 1
| #define HAVE_SETPGID 1
| #define HAVE_USLEEP 1
| #define CPP_PATH "/lib/cpp"
| #define STDC_HEADERS 1
| #define HAVE_SYS_WAIT_H 1
| #define HAVE_FCNTL_H 1
| #define HAVE_LIMITS_H 1
| #define HAVE_SYS_IOCTL_H 1
| #define HAVE_SYS_TIME_H 1
| #define HAVE_SYS_TYPES_H 1
| #define HAVE_UNISTD_H 1
| #define HAVE_LIBINTL_H 1
| #define HAVE_SYS_SELECT_H 1
| #define HAVE_DECL_SYS_SIGLIST 1
| /* end confdefs.h.  */
| #include <stdio.h>
| #ifdef HAVE_SYS_TYPES_H
| # include <sys/types.h>
| #endif
| #ifdef HAVE_SYS_STAT_H
| # include <sys/stat.h>
| #endif
| #ifdef STDC_HEADERS
| # include <stdlib.h>
| # include <stddef.h>
| #else
| # ifdef HAVE_STDLIB_H
| #  include <stdlib.h>
| # endif
| #endif
| #ifdef HAVE_STRING_H
| # if !defined STDC_HEADERS && defined HAVE_MEMORY_H
| #  include <memory.h>
| # endif
| # include <string.h>
| #endif
| #ifdef HAVE_STRINGS_H
| # include <strings.h>
| #endif
| #ifdef HAVE_INTTYPES_H
| # include <inttypes.h>
| #endif
| #ifdef HAVE_STDINT_H
| # include <stdint.h>
| #endif
| #ifdef HAVE_UNISTD_H
| # include <unistd.h>
| #endif
| int
| main ()
| {
| if (sizeof ((pid_t)))
| 	    return 0;
|   ;
|   return 0;
| }
configure:7446: result: yes
configure:7457: checking whether time.h and sys/time.h may both be included
configure:7477: gcc -c -g -O2  conftest.c >&5
configure:7477: $? = 0
configure:7484: result: yes
configure:7637: creating ./config.status

## ---------------------- ##
## Running config.status. ##
## ---------------------- ##

This file was extended by config.status, which was
generated by GNU Autoconf 2.69.  Invocation command line was

  CONFIG_FILES    = 
  CONFIG_HEADERS  = 
  CONFIG_LINKS    = 
  CONFIG_COMMANDS = 
  $ ./config.status 

on Yuuko

config.status:931: creating Makefile
config.status:931: creating po/Makefile
config.status:931: creating test/Makefile
config.status:931: creating util/Makefile
config.status:931: creating wmlib/Makefile
config.status:931: creating WINGs/Makefile
config.status:931: creating WINGs/Resources/Makefile
config.status:931: creating src/Makefile
config.status:931: creating src/wconfig.h
config.status:931: creating WindowMaker/Makefile
config.status:931: creating WindowMaker/Defaults/Makefile
config.status:931: creating WindowMaker/Styles/Makefile
config.status:931: creating WindowMaker/Themes/Makefile
config.status:931: creating WindowMaker/Backgrounds/Makefile
config.status:931: creating WindowMaker/Pixmaps/Makefile
config.status:931: creating WindowMaker/Icons/Makefile
config.status:1039: WARNING:  'WindowMaker/Icons/Makefile.in' seems to ignore the --datarootdir setting
config.status:931: creating WindowMaker/IconSets/Makefile
config.status:931: creating WindowMaker/Sounds/Makefile
config.status:931: creating wrlib/Makefile
config.status:931: creating src/config.h
config.status:1112: src/config.h is unchanged
config.status:1160: executing depfiles commands

## ---------------- ##
## Cache variables. ##
## ---------------- ##

ac_cv_build=i686-pc-linux-gnu
ac_cv_c_compiler_gnu=yes
ac_cv_c_const=yes
ac_cv_env_CC_set=
ac_cv_env_CC_value=
ac_cv_env_CFLAGS_set=
ac_cv_env_CFLAGS_value=
ac_cv_env_CPPFLAGS_set=
ac_cv_env_CPPFLAGS_value=
ac_cv_env_CPP_set=
ac_cv_env_CPP_value=
ac_cv_env_LDFLAGS_set=
ac_cv_env_LDFLAGS_value=
ac_cv_env_LIBS_set=
ac_cv_env_LIBS_value=
ac_cv_env_XMKMF_set=
ac_cv_env_XMKMF_value=
ac_cv_env_build_alias_set=
ac_cv_env_build_alias_value=
ac_cv_env_host_alias_set=
ac_cv_env_host_alias_value=
ac_cv_env_target_alias_set=
ac_cv_env_target_alias_value=
ac_cv_func__doprnt=no
ac_cv_func_alloca_works=yes
ac_cv_func_connect=yes
ac_cv_func_gethostbyname=yes
ac_cv_func_gethostname=yes
ac_cv_func_gettext=yes
ac_cv_func_gettimeofday=yes
ac_cv_func_memmove=yes
ac_cv_func_poll=yes
ac_cv_func_remove=yes
ac_cv_func_select=yes
ac_cv_func_setpgid=yes
ac_cv_func_shmat=yes
ac_cv_func_shmget=yes
ac_cv_func_strcspn=yes
ac_cv_func_strerror=yes
ac_cv_func_strncasecmp=yes
ac_cv_func_usleep=yes
ac_cv_func_vprintf=yes
ac_cv_have_decl_sys_siglist=yes
ac_cv_have_x='have_x=yes	ac_x_includes='\'''\''	ac_x_libraries='\'''\'''
ac_cv_header_fcntl_h=yes
ac_cv_header_inttypes_h=yes
ac_cv_header_libintl_h=yes
ac_cv_header_limits_h=yes
ac_cv_header_memory_h=yes
ac_cv_header_stdc=yes
ac_cv_header_stdint_h=yes
ac_cv_header_stdlib_h=yes
ac_cv_header_string_h=yes
ac_cv_header_strings_h=yes
ac_cv_header_sys_ioctl_h=yes
ac_cv_header_sys_select_h=yes
ac_cv_header_sys_stat_h=yes
ac_cv_header_sys_time_h=yes
ac_cv_header_sys_types_h=yes
ac_cv_header_sys_wait_h=yes
ac_cv_header_time=yes
ac_cv_header_unistd_h=yes
ac_cv_host=i686-pc-linux-gnu
ac_cv_lib_ICE_IceConnectionNumber=yes
ac_cv_lib_Xext_XShapeSelectInput=yes
ac_cv_lib_Xext_XShmAttach=yes
ac_cv_lib_Xpm_XpmCreatePixmapFromData=yes
ac_cv_lib_jpeg_jpeg_destroy_compress=yes
ac_cv_lib_png_png_get_valid=yes
ac_cv_lib_tiff_TIFFGetVersion=yes
ac_cv_lib_z_gzread=yes
ac_cv_objext=o
ac_cv_path_CPP_PATH=/lib/cpp
ac_cv_path_EGREP='/usr/bin/grep -E'
ac_cv_path_GREP=/usr/bin/grep
ac_cv_path_install='/usr/bin/ginstall -c'
ac_cv_path_mkdir=/usr/bin/mkdir
ac_cv_prog_AWK=gawk
ac_cv_prog_CPP='gcc -E'
ac_cv_prog_XGETTEXT=xgettext
ac_cv_prog_ac_ct_CC=gcc
ac_cv_prog_ac_ct_RANLIB=ranlib
ac_cv_prog_cc_c89=
ac_cv_prog_cc_g=yes
ac_cv_prog_gcc_traditional=no
ac_cv_prog_make_make_set=yes
ac_cv_search_strerror='none required'
ac_cv_type_pid_t=yes
ac_cv_type_signal=void
ac_cv_type_size_t=yes
ac_cv_working_alloca_h=yes
am_cv_CC_dependencies_compiler_type=none

## ----------------- ##
## Output variables. ##
## ----------------- ##

ACLOCAL='aclocal-1.11'
ALLOCA=''
AMDEPBACKSLASH='\'
AMDEP_FALSE='#'
AMDEP_TRUE=''
AMTAR='$${TAR-tar}'
AUTOCONF='autoconf'
AUTOHEADER='autoheader'
AUTOMAKE='automake-1.11'
AWK='gawk'
CC='gcc'
CCDEPMODE='depmode=none'
CFLAGS='-g -O2 -Wall -Wno-implicit-int -finline-functions'
CPP='gcc -E'
CPPFLAGS=''
CPP_PATH='/lib/cpp'
CYGPATH_W='echo'
DEFS='-DHAVE_CONFIG_H'
DEPDIR='.deps'
DFLAGS=''
ECHO_C=''
ECHO_N='-n'
ECHO_T=''
EGREP='/usr/bin/grep -E'
EXEEXT=''
GFXFLAGS=' -DUSE_XPM -DUSE_PNG -DUSE_JPEG -DUSE_TIFF'
GFXLIBS='-ltiff  -lXpm -lpng -lz -ljpeg'
GREP='/usr/bin/grep'
I18N=''
I18N_MB='#undef I18N_MB'
ICONEXT='tiff'
INSTALL_DATA='${INSTALL} -m 644'
INSTALL_PROGRAM='${INSTALL}'
INSTALL_SCRIPT='${INSTALL}'
INSTALL_STRIP_PROGRAM='$(install_sh) -c -s'
INTLIBS=''
LDFLAGS=''
LIBOBJS=''
LIBPL_INC_PATH='-I$(top_srcdir)/libPropList'
LIBPL_LIBS='-L$(top_builddir)/libPropList/ -lPropList'
LIBS=''
LN_S='ln -s'
LTLIBOBJS=''
MAKEINFO='makeinfo'
MKDIR_P='/usr/bin/mkdir -p'
MOFILES=''
NLSDIR='/usr/lib/locale'
OBJEXT='o'
PACKAGE='WindowMaker'
PACKAGE_BUGREPORT=''
PACKAGE_NAME=''
PACKAGE_STRING=''
PACKAGE_TARNAME=''
PACKAGE_URL=''
PACKAGE_VERSION=''
PATH_SEPARATOR=':'
RANLIB='ranlib'
REDUCE_APPICONS='#undef REDUCE_APPICONS'
SET_MAKE=''
SHAPE='-DSHAPE'
SHELL='/bin/sh'
SOUND='#undef WMSOUND'
STRIP=''
VERSION='0.17.5'
XCFLAGS=''
XGETTEXT='xgettext'
XLFLAGS=''
XLIBS='-lXext  -lX11'
XMKMF=''
XSHM='-DXSHM'
X_CFLAGS=''
X_EXTRA_LIBS=''
X_LIBS=''
X_LOCALE='#undef X_LOCALE'
X_PRE_LIBS=' -lSM -lICE'
ac_ct_CC='gcc'
am__EXEEXT_FALSE=''
am__EXEEXT_TRUE='#'
am__fastdepCC_FALSE=''
am__fastdepCC_TRUE='#'
am__include='include'
am__isrc=''
am__leading_dot='.'
am__nodep='_no'
am__quote=''
am__tar='$${TAR-tar} chof - "$$tardir"'
am__untar='$${TAR-tar} xf -'
bindir='${exec_prefix}/bin'
build='i686-pc-linux-gnu'
build_alias=''
build_cpu='i686'
build_os='linux-gnu'
build_vendor='pc'
datadir='${datarootdir}'
datarootdir='${prefix}/share'
docdir='${datarootdir}/doc/${PACKAGE}'
dvidir='${docdir}'
exec_prefix='/usr/local'
host='i686-pc-linux-gnu'
host_alias=''
host_cpu='i686'
host_os='linux-gnu'
host_vendor='pc'
htmldir='${docdir}'
includedir='${prefix}/include'
infodir='${datarootdir}/info'
install_sh='${SHELL} /home/dexter4/Downloads/WindowMaker-0.17.5/install-sh'
libdir='${exec_prefix}/lib'
libexecdir='${exec_prefix}/libexec'
localedir='${datarootdir}/locale'
localstatedir='${prefix}/var'
mandir='${datarootdir}/man'
mkdir_p='/usr/bin/mkdir -p'
oldincludedir='/usr/include'
pdfdir='${docdir}'
pixmapdir='${datadir}/pixmaps'
prefix='/usr/local'
program_transform_name='s,x,x,'
psdir='${docdir}'
sbindir='${exec_prefix}/sbin'
sharedstatedir='${prefix}/com'
sysconfdir='${prefix}/etc'
target_alias=''

## ----------- ##
## confdefs.h. ##
## ----------- ##

/* confdefs.h */
#define PACKAGE_NAME ""
#define PACKAGE_TARNAME ""
#define PACKAGE_VERSION ""
#define PACKAGE_STRING ""
#define PACKAGE_BUGREPORT ""
#define PACKAGE_URL ""
#define PACKAGE "WindowMaker"
#define VERSION "0.17.5"
#define RETSIGTYPE void
#define HAVE_VPRINTF 1
#define STDC_HEADERS 1
#define HAVE_SYS_TYPES_H 1
#define HAVE_SYS_STAT_H 1
#define HAVE_STDLIB_H 1
#define HAVE_STRING_H 1
#define HAVE_MEMORY_H 1
#define HAVE_STRINGS_H 1
#define HAVE_INTTYPES_H 1
#define HAVE_STDINT_H 1
#define HAVE_UNISTD_H 1
#define HAVE_ALLOCA_H 1
#define HAVE_ALLOCA 1
#define HAVE_GETHOSTNAME 1
#define HAVE_MEMMOVE 1
#define HAVE_GETTIMEOFDAY 1
#define HAVE_SELECT 1
#define HAVE_POLL 1
#define HAVE_STRCSPN 1
#define HAVE_STRERROR 1
#define HAVE_STRNCASECMP 1
#define HAVE_SETPGID 1
#define HAVE_USLEEP 1
#define CPP_PATH "/lib/cpp"
#define STDC_HEADERS 1
#define HAVE_SYS_WAIT_H 1
#define HAVE_FCNTL_H 1
#define HAVE_LIMITS_H 1
#define HAVE_SYS_IOCTL_H 1
#define HAVE_SYS_TIME_H 1
#define HAVE_SYS_TYPES_H 1
#define HAVE_UNISTD_H 1
#define HAVE_LIBINTL_H 1
#define HAVE_SYS_SELECT_H 1
#define HAVE_DECL_SYS_SIGLIST 1
#define TIME_WITH_SYS_TIME 1

configure: exit 0

## ---------------------- ##
## Running config.status. ##
## ---------------------- ##

This file was extended by config.status, which was
generated by GNU Autoconf 2.69.  Invocation command line was

  CONFIG_FILES    = 
  CONFIG_HEADERS  = 
  CONFIG_LINKS    = 
  CONFIG_COMMANDS = 
  $ ./config.status WindowMaker/Pixmaps/Makefile

on Yuuko

config.status:931: creating WindowMaker/Pixmaps/Makefile
